<?xml version="1.0" encoding="UTF-8" ?>
<testsuite tests="6" failures="0" name="TestSuite" time="0.03" errors="0" skipped="0">
  <properties>
[...]
</properties>
  <testcase classname="Fibanacci.FibanacciTest" name="testCraeteFibanacci" time="0.009"/>
  <testcase classname="Fibanacci.InputValidateTest" name="testInputLength" time="0.01"/>
  <testcase classname="Fibanacci.InputValidateTest" name="testInputMaxlValue" time="0.003"/>
  <testcase classname="Fibanacci.InputValidateTest" name="testInputMethod" time="0.002"/>
  <testcase classname="Fibanacci.InputValidateTest" name="testInputMinimalValue" time="0.003"/>
  <testcase classname="Fibanacci.ServiceFibanacciTest" name="testDoFibanacciLength" time="0.003"/>
</testsuite>