<?xml version="1.0" encoding="UTF-8"?>
<!-- Generated by org.testng.reporters.JUnitXMLReporter -->
<testsuite ignored="0" hostname="DESKTOP-SAGTJDJ" failures="0" tests="6" name="Command line test" time="0.096" errors="0" timestamp="2021-09-01T14:05:59 EEST">
  <testcase classname="Fibanacci.FibanacciTest" name="testCraeteFibanacci" time="0.009"/>
  <testcase classname="Fibanacci.InputValidateTest" name="testInputLength" time="0.01"/>
  <testcase classname="Fibanacci.InputValidateTest" name="testInputMaxlValue" time="0.004"/>
  <testcase classname="Fibanacci.InputValidateTest" name="testInputMethod" time="0.003"/>
  <testcase classname="Fibanacci.InputValidateTest" name="testInputMinimalValue" time="0.002"/>
  <testcase classname="Fibanacci.ServiceFibanacciTest" name="testDoFibanacciLength" time="0.002"/>
</testsuite> <!-- Command line test -->
